# JRE version: OpenJDK Runtime Environment Temurin-21.0.10+7 (21.0.10+7) (build 21.0.10+7-LTS)
# Java VM: OpenJDK 64-Bit Server VM Temurin-21.0.10+7 (21.0.10+7-LTS, mixed mode, sharing, tiered, compressed oops, compressed class ptrs, parallel gc, windows-amd64)
GC Precious Log:
 CardTable entry size: 512
 CPUs: 16 total, 16 available
 Memory: 16004M
 Large Page Support: Disabled
 NUMA Support: Disabled
 Compressed Oops: Enabled (32-bit)
 Alignments: Space 512K, Generation 512K, Heap 2M
 Heap Min Capacity: 100M
 Heap Initial Capacity: 100M
 Heap Max Capacity: 2G
 Pre-touch: Disabled
 Parallel Workers: 13
Heap:
 PSYoungGen      total 5120K, used 4609K [0x00000000d5580000, 0x00000000d5d00000, 0x0000000100000000)
  eden space 4096K, 94% used [0x00000000d5580000,0x00000000d5943448,0x00000000d5980000)
  from space 1024K, 73% used [0x00000000d5b80000,0x00000000d5c3d200,0x00000000d5c80000)
  to   space 512K, 0% used [0x00000000d5c80000,0x00000000d5c80000,0x00000000d5d00000)
 ParOldGen       total 854528K, used 854102K [0x0000000080000000, 0x00000000b4280000, 0x00000000d5580000)
  object space 854528K, 99% used [0x0000000080000000,0x00000000b4215b78,0x00000000b4280000)
 Metaspace       used 88629K, committed 90496K, reserved 1179648K
  class space    used 9183K, committed 9984K, reserved 1048576K
GC Heap History (20 events):
Event: 4577.586 GC heap before
{Heap before GC invocations=558 (full 5):
 PSYoungGen      total 5120K, used 4880K [0x00000000d5580000, 0x00000000d5e80000, 0x0000000100000000)
  eden space 4096K, 100% used [0x00000000d5580000,0x00000000d5980000,0x00000000d5980000)
  from space 1024K, 76% used [0x00000000d5c80000,0x00000000d5d44010,0x00000000d5d80000)
  to   space 1024K, 0% used [0x00000000d5d80000,0x00000000d5d80000,0x00000000d5e80000)
 ParOldGen       total 848896K, used 848613K [0x0000000080000000, 0x00000000b3d00000, 0x00000000d5580000)
  object space 848896K, 99% used [0x0000000080000000,0x00000000b3cb9718,0x00000000b3d00000)
 Metaspace       used 88486K, committed 90304K, reserved 1179648K
  class space    used 9167K, committed 9984K, reserved 1048576K
}
Event: 4577.589 GC heap after
{Heap after GC invocations=558 (full 5):
 PSYoungGen      total 5120K, used 698K [0x00000000d5580000, 0x00000000d5e80000, 0x0000000100000000)
  eden space 4096K, 0% used [0x00000000d5580000,0x00000000d5580000,0x00000000d5980000)
  from space 1024K, 68% used [0x00000000d5d80000,0x00000000d5e2e900,0x00000000d5e80000)
  to   space 1024K, 0% used [0x00000000d5c80000,0x00000000d5c80000,0x00000000d5d80000)
 ParOldGen       total 849408K, used 849089K [0x0000000080000000, 0x00000000b3d80000, 0x00000000d5580000)
  object space 849408K, 99% used [0x0000000080000000,0x00000000b3d30608,0x00000000b3d80000)
 Metaspace       used 88486K, committed 90304K, reserved 1179648K
  class space    used 9167K, committed 9984K, reserved 1048576K
}
Event: 4577.603 GC heap before
{Heap before GC invocations=559 (full 5):
 PSYoungGen      total 5120K, used 4794K [0x00000000d5580000, 0x00000000d5e80000, 0x0000000100000000)
  eden space 4096K, 100% used [0x00000000d5580000,0x00000000d5980000,0x00000000d5980000)
  from space 1024K, 68% used [0x00000000d5d80000,0x00000000d5e2e900,0x00000000d5e80000)
  to   space 1024K, 0% used [0x00000000d5c80000,0x00000000d5c80000,0x00000000d5d80000)
 ParOldGen       total 849408K, used 849089K [0x0000000080000000, 0x00000000b3d80000, 0x00000000d5580000)
  object space 849408K, 99% used [0x0000000080000000,0x00000000b3d30608,0x00000000b3d80000)
 Metaspace       used 88502K, committed 90368K, reserved 1179648K
  class space    used 9167K, committed 9984K, reserved 1048576K
}
Event: 4577.604 GC heap after
{Heap after GC invocations=559 (full 5):
 PSYoungGen      total 5120K, used 788K [0x00000000d5580000, 0x00000000d5e00000, 0x0000000100000000)
  eden space 4096K, 0% used [0x00000000d5580000,0x00000000d5580000,0x00000000d5980000)
  from space 1024K, 77% used [0x00000000d5c80000,0x00000000d5d45200,0x00000000d5d80000)
  to   space 512K, 0% used [0x00000000d5d80000,0x00000000d5d80000,0x00000000d5e00000)
 ParOldGen       total 849920K, used 849578K [0x0000000080000000, 0x00000000b3e00000, 0x00000000d5580000)
  object space 849920K, 99% used [0x0000000080000000,0x00000000b3daa848,0x00000000b3e00000)
 Metaspace       used 88502K, committed 90368K, reserved 1179648K
  class space    used 9167K, committed 9984K, reserved 1048576K
}
Event: 4577.609 GC heap before
{Heap before GC invocations=560 (full 5):
 PSYoungGen      total 5120K, used 4884K [0x00000000d5580000, 0x00000000d5e00000, 0x0000000100000000)
  eden space 4096K, 99% used [0x00000000d5580000,0x00000000d597ffd8,0x00000000d5980000)
  from space 1024K, 77% used [0x00000000d5c80000,0x00000000d5d45200,0x00000000d5d80000)
  to   space 512K, 0% used [0x00000000d5d80000,0x00000000d5d80000,0x00000000d5e00000)
 ParOldGen       total 849920K, used 849578K [0x0000000080000000, 0x00000000b3e00000, 0x00000000d5580000)
  object space 849920K, 99% used [0x0000000080000000,0x00000000b3daa848,0x00000000b3e00000)
 Metaspace       used 88502K, committed 90368K, reserved 1179648K
  class space    used 9167K, committed 9984K, reserved 1048576K
}
Event: 4577.611 GC heap after
{Heap after GC invocations=560 (full 5):
 PSYoungGen      total 4608K, used 496K [0x00000000d5580000, 0x00000000d5e00000, 0x0000000100000000)
  eden space 4096K, 0% used [0x00000000d5580000,0x00000000d5580000,0x00000000d5980000)
  from space 512K, 96% used [0x00000000d5d80000,0x00000000d5dfc010,0x00000000d5e00000)
  to   space 1536K, 0% used [0x00000000d5b00000,0x00000000d5b00000,0x00000000d5c80000)
 ParOldGen       total 850432K, used 850279K [0x0000000080000000, 0x00000000b3e80000, 0x00000000d5580000)
  object space 850432K, 99% used [0x0000000080000000,0x00000000b3e59f78,0x00000000b3e80000)
 Metaspace       used 88502K, committed 90368K, reserved 1179648K
  class space    used 9167K, committed 9984K, reserved 1048576K
}
Event: 4577.894 GC heap before
{Heap before GC invocations=561 (full 5):
 PSYoungGen      total 4608K, used 4592K [0x00000000d5580000, 0x00000000d5e00000, 0x0000000100000000)
  eden space 4096K, 100% used [0x00000000d5580000,0x00000000d5980000,0x00000000d5980000)
  from space 512K, 96% used [0x00000000d5d80000,0x00000000d5dfc010,0x00000000d5e00000)
  to   space 1536K, 0% used [0x00000000d5b00000,0x00000000d5b00000,0x00000000d5c80000)
 ParOldGen       total 850432K, used 850279K [0x0000000080000000, 0x00000000b3e80000, 0x00000000d5580000)
  object space 850432K, 99% used [0x0000000080000000,0x00000000b3e59f78,0x00000000b3e80000)
 Metaspace       used 88508K, committed 90368K, reserved 1179648K
  class space    used 9167K, committed 9984K, reserved 1048576K
}
Event: 4577.896 GC heap after
{Heap after GC invocations=561 (full 5):
 PSYoungGen      total 5632K, used 820K [0x00000000d5580000, 0x00000000d5e00000, 0x0000000100000000)
  eden space 4096K, 0% used [0x00000000d5580000,0x00000000d5580000,0x00000000d5980000)
  from space 1536K, 53% used [0x00000000d5b00000,0x00000000d5bcd200,0x00000000d5c80000)
  to   space 1024K, 0% used [0x00000000d5d00000,0x00000000d5d00000,0x00000000d5e00000)
 ParOldGen       total 850944K, used 850743K [0x0000000080000000, 0x00000000b3f00000, 0x00000000d5580000)
  object space 850944K, 99% used [0x0000000080000000,0x00000000b3ecdfa8,0x00000000b3f00000)
 Metaspace       used 88508K, committed 90368K, reserved 1179648K
  class space    used 9167K, committed 9984K, reserved 1048576K
}
Event: 4577.900 GC heap before
{Heap before GC invocations=562 (full 5):
 PSYoungGen      total 5632K, used 4916K [0x00000000d5580000, 0x00000000d5e00000, 0x0000000100000000)
  eden space 4096K, 100% used [0x00000000d5580000,0x00000000d5980000,0x00000000d5980000)
  from space 1536K, 53% used [0x00000000d5b00000,0x00000000d5bcd200,0x00000000d5c80000)
  to   space 1024K, 0% used [0x00000000d5d00000,0x00000000d5d00000,0x00000000d5e00000)
 ParOldGen       total 850944K, used 850743K [0x0000000080000000, 0x00000000b3f00000, 0x00000000d5580000)
  object space 850944K, 99% used [0x0000000080000000,0x00000000b3ecdfa8,0x00000000b3f00000)
 Metaspace       used 88508K, committed 90368K, reserved 1179648K
  class space    used 9167K, committed 9984K, reserved 1048576K
}
Event: 4577.902 GC heap after
{Heap after GC invocations=562 (full 5):
 PSYoungGen      total 5120K, used 608K [0x00000000d5580000, 0x00000000d5e00000, 0x0000000100000000)
  eden space 4096K, 0% used [0x00000000d5580000,0x00000000d5580000,0x00000000d5980000)
  from space 1024K, 59% used [0x00000000d5d00000,0x00000000d5d98000,0x00000000d5e00000)
  to   space 1024K, 0% used [0x00000000d5c00000,0x00000000d5c00000,0x00000000d5d00000)
 ParOldGen       total 851456K, used 851433K [0x0000000080000000, 0x00000000b3f80000, 0x00000000d5580000)
  object space 851456K, 99% used [0x0000000080000000,0x00000000b3f7a458,0x00000000b3f80000)
 Metaspace       used 88508K, committed 90368K, reserved 1179648K
  class space    used 9167K, committed 9984K, reserved 1048576K
}
Event: 4578.119 GC heap before
{Heap before GC invocations=563 (full 5):
 PSYoungGen      total 5120K, used 4704K [0x00000000d5580000, 0x00000000d5e00000, 0x0000000100000000)
  eden space 4096K, 100% used [0x00000000d5580000,0x00000000d5980000,0x00000000d5980000)
  from space 1024K, 59% used [0x00000000d5d00000,0x00000000d5d98000,0x00000000d5e00000)
  to   space 1024K, 0% used [0x00000000d5c00000,0x00000000d5c00000,0x00000000d5d00000)
 ParOldGen       total 851456K, used 851433K [0x0000000080000000, 0x00000000b3f80000, 0x00000000d5580000)
  object space 851456K, 99% used [0x0000000080000000,0x00000000b3f7a458,0x00000000b3f80000)
 Metaspace       used 88514K, committed 90368K, reserved 1179648K
  class space    used 9167K, committed 9984K, reserved 1048576K
}
Event: 4578.122 GC heap after
{Heap after GC invocations=563 (full 5):
 PSYoungGen      total 5120K, used 756K [0x00000000d5580000, 0x00000000d5d80000, 0x0000000100000000)
  eden space 4096K, 0% used [0x00000000d5580000,0x00000000d5580000,0x00000000d5980000)
  from space 1024K, 73% used [0x00000000d5c00000,0x00000000d5cbd200,0x00000000d5d00000)
  to   space 512K, 0% used [0x00000000d5d00000,0x00000000d5d00000,0x00000000d5d80000)
 ParOldGen       total 852480K, used 851969K [0x0000000080000000, 0x00000000b4080000, 0x00000000d5580000)
  object space 852480K, 99% used [0x0000000080000000,0x00000000b4000478,0x00000000b4080000)
 Metaspace       used 88514K, committed 90368K, reserved 1179648K
  class space    used 9167K, committed 9984K, reserved 1048576K
}
Event: 4578.129 GC heap before
{Heap before GC invocations=564 (full 5):
 PSYoungGen      total 5120K, used 4852K [0x00000000d5580000, 0x00000000d5d80000, 0x0000000100000000)
  eden space 4096K, 100% used [0x00000000d5580000,0x00000000d5980000,0x00000000d5980000)
  from space 1024K, 73% used [0x00000000d5c00000,0x00000000d5cbd200,0x00000000d5d00000)
  to   space 512K, 0% used [0x00000000d5d00000,0x00000000d5d00000,0x00000000d5d80000)
 ParOldGen       total 852480K, used 851969K [0x0000000080000000, 0x00000000b4080000, 0x00000000d5580000)
  object space 852480K, 99% used [0x0000000080000000,0x00000000b4000478,0x00000000b4080000)
 Metaspace       used 88528K, committed 90368K, reserved 1179648K
  class space    used 9167K, committed 9984K, reserved 1048576K
}
Event: 4578.131 GC heap after
{Heap after GC invocations=564 (full 5):
 PSYoungGen      total 4608K, used 512K [0x00000000d5580000, 0x00000000d5d80000, 0x0000000100000000)
  eden space 4096K, 0% used [0x00000000d5580000,0x00000000d5580000,0x00000000d5980000)
  from space 512K, 100% used [0x00000000d5d00000,0x00000000d5d80000,0x00000000d5d80000)
  to   space 1536K, 0% used [0x00000000d5a80000,0x00000000d5a80000,0x00000000d5c00000)
 ParOldGen       total 852992K, used 852842K [0x0000000080000000, 0x00000000b4100000, 0x00000000d5580000)
  object space 852992K, 99% used [0x0000000080000000,0x00000000b40da958,0x00000000b4100000)
 Metaspace       used 88528K, committed 90368K, reserved 1179648K
  class space    used 9167K, committed 9984K, reserved 1048576K
}
Event: 4635.932 GC heap before
{Heap before GC invocations=565 (full 5):
 PSYoungGen      total 4608K, used 4607K [0x00000000d5580000, 0x00000000d5d80000, 0x0000000100000000)
  eden space 4096K, 99% used [0x00000000d5580000,0x00000000d597ffe8,0x00000000d5980000)
  from space 512K, 100% used [0x00000000d5d00000,0x00000000d5d80000,0x00000000d5d80000)
  to   space 1536K, 0% used [0x00000000d5a80000,0x00000000d5a80000,0x00000000d5c00000)
 ParOldGen       total 852992K, used 852842K [0x0000000080000000, 0x00000000b4100000, 0x00000000d5580000)
  object space 852992K, 99% used [0x0000000080000000,0x00000000b40da958,0x00000000b4100000)
 Metaspace       used 88530K, committed 90368K, reserved 1179648K
  class space    used 9167K, committed 9984K, reserved 1048576K
}
Event: 4635.934 GC heap after
{Heap after GC invocations=565 (full 5):
 PSYoungGen      total 5632K, used 666K [0x00000000d5580000, 0x00000000d5d80000, 0x0000000100000000)
  eden space 4096K, 0% used [0x00000000d5580000,0x00000000d5580000,0x00000000d5980000)
  from space 1536K, 43% used [0x00000000d5a80000,0x00000000d5b26900,0x00000000d5c00000)
  to   space 1024K, 0% used [0x00000000d5c80000,0x00000000d5c80000,0x00000000d5d80000)
 ParOldGen       total 853504K, used 853378K [0x0000000080000000, 0x00000000b4180000, 0x00000000d5580000)
  object space 853504K, 99% used [0x0000000080000000,0x00000000b4160958,0x00000000b4180000)
 Metaspace       used 88530K, committed 90368K, reserved 1179648K
  class space    used 9167K, committed 9984K, reserved 1048576K
}
Event: 4635.943 GC heap before
{Heap before GC invocations=566 (full 5):
 PSYoungGen      total 5632K, used 4762K [0x00000000d5580000, 0x00000000d5d80000, 0x0000000100000000)
  eden space 4096K, 100% used [0x00000000d5580000,0x00000000d5980000,0x00000000d5980000)
  from space 1536K, 43% used [0x00000000d5a80000,0x00000000d5b26900,0x00000000d5c00000)
  to   space 1024K, 0% used [0x00000000d5c80000,0x00000000d5c80000,0x00000000d5d80000)
 ParOldGen       total 853504K, used 853378K [0x0000000080000000, 0x00000000b4180000, 0x00000000d5580000)
  object space 853504K, 99% used [0x0000000080000000,0x00000000b4160958,0x00000000b4180000)
 Metaspace       used 88547K, committed 90432K, reserved 1179648K
  class space    used 9168K, committed 9984K, reserved 1048576K
}
Event: 4635.945 GC heap after
{Heap after GC invocations=566 (full 5):
 PSYoungGen      total 5120K, used 660K [0x00000000d5580000, 0x00000000d5d80000, 0x0000000100000000)
  eden space 4096K, 0% used [0x00000000d5580000,0x00000000d5580000,0x00000000d5980000)
  from space 1024K, 64% used [0x00000000d5c80000,0x00000000d5d25200,0x00000000d5d80000)
  to   space 1024K, 0% used [0x00000000d5b80000,0x00000000d5b80000,0x00000000d5c80000)
 ParOldGen       total 854016K, used 853846K [0x0000000080000000, 0x00000000b4200000, 0x00000000d5580000)
  object space 854016K, 99% used [0x0000000080000000,0x00000000b41d5b78,0x00000000b4200000)
 Metaspace       used 88547K, committed 90432K, reserved 1179648K
  class space    used 9168K, committed 9984K, reserved 1048576K
}
Event: 4635.958 GC heap before
{Heap before GC invocations=567 (full 5):
 PSYoungGen      total 5120K, used 4756K [0x00000000d5580000, 0x00000000d5d80000, 0x0000000100000000)
  eden space 4096K, 100% used [0x00000000d5580000,0x00000000d5980000,0x00000000d5980000)
  from space 1024K, 64% used [0x00000000d5c80000,0x00000000d5d25200,0x00000000d5d80000)
  to   space 1024K, 0% used [0x00000000d5b80000,0x00000000d5b80000,0x00000000d5c80000)
 ParOldGen       total 854016K, used 853846K [0x0000000080000000, 0x00000000b4200000, 0x00000000d5580000)
  object space 854016K, 99% used [0x0000000080000000,0x00000000b41d5b78,0x00000000b4200000)
 Metaspace       used 88615K, committed 90496K, reserved 1179648K
  class space    used 9183K, committed 9984K, reserved 1048576K
}
Event: 4635.960 GC heap after
{Heap after GC invocations=567 (full 5):
 PSYoungGen      total 5120K, used 756K [0x00000000d5580000, 0x00000000d5d00000, 0x0000000100000000)
  eden space 4096K, 0% used [0x00000000d5580000,0x00000000d5580000,0x00000000d5980000)
  from space 1024K, 73% used [0x00000000d5b80000,0x00000000d5c3d200,0x00000000d5c80000)
  to   space 512K, 0% used [0x00000000d5c80000,0x00000000d5c80000,0x00000000d5d00000)
 ParOldGen       total 854528K, used 854102K [0x0000000080000000, 0x00000000b4280000, 0x00000000d5580000)
  object space 854528K, 99% used [0x0000000080000000,0x00000000b4215b78,0x00000000b4280000)
 Metaspace       used 88615K, committed 90496K, reserved 1179648K
  class space    used 9183K, committed 9984K, reserved 1048576K
}

